<?xml version="1.1" encoding="UTF-8"?>
<testsuite name="org.aksw.sparqlmap.beautifier.SparqlBeautifierTest" tests="3" failures="3" errors="0" timestamp="2015-02-16T14:53:22" hostname="soljaris16.local" time="0.195">
  <properties/>
  <testcase name="testq2" classname="org.aksw.sparqlmap.beautifier.SparqlBeautifierTest" time="0.176">
    <failure message="org.apache.jena.atlas.lib.NotImplemented: OpQuadBlock" type="org.apache.jena.atlas.lib.NotImplemented">org.apache.jena.atlas.lib.NotImplemented: OpQuadBlock
	at com.hp.hpl.jena.sparql.algebra.OpAsQuery$Converter.visit(OpAsQuery.java:278)
	at com.hp.hpl.jena.sparql.algebra.op.OpQuadBlock.visit(OpQuadBlock.java:83)
	at com.hp.hpl.jena.sparql.algebra.OpAsQuery$Converter.asElementGroup(OpAsQuery.java:127)
	at com.hp.hpl.jena.sparql.algebra.OpAsQuery$Converter.asElement(OpAsQuery.java:118)
	at com.hp.hpl.jena.sparql.algebra.OpAsQuery$Converter.visit(OpAsQuery.java:381)
	at com.hp.hpl.jena.sparql.algebra.op.OpFilter.visit(OpFilter.java:101)
	at com.hp.hpl.jena.sparql.algebra.OpAsQuery$Converter.asElementGroup(OpAsQuery.java:127)
	at com.hp.hpl.jena.sparql.algebra.OpAsQuery$Converter.asElement(OpAsQuery.java:118)
	at com.hp.hpl.jena.sparql.algebra.OpAsQuery$Converter.visit(OpAsQuery.java:314)
	at com.hp.hpl.jena.sparql.algebra.op.OpLeftJoin.visit(OpLeftJoin.java:64)
	at com.hp.hpl.jena.sparql.algebra.OpAsQuery$Converter.asElementGroup(OpAsQuery.java:127)
	at com.hp.hpl.jena.sparql.algebra.OpAsQuery$Converter.asElement(OpAsQuery.java:118)
	at com.hp.hpl.jena.sparql.algebra.OpAsQuery$Converter.visit(OpAsQuery.java:314)
	at com.hp.hpl.jena.sparql.algebra.op.OpLeftJoin.visit(OpLeftJoin.java:64)
	at com.hp.hpl.jena.sparql.algebra.OpAsQuery$Converter.asElementGroup(OpAsQuery.java:127)
	at com.hp.hpl.jena.sparql.algebra.OpAsQuery$Converter.asElement(OpAsQuery.java:118)
	at com.hp.hpl.jena.sparql.algebra.OpAsQuery$Converter.visit(OpAsQuery.java:314)
	at com.hp.hpl.jena.sparql.algebra.op.OpLeftJoin.visit(OpLeftJoin.java:64)
	at com.hp.hpl.jena.sparql.algebra.OpAsQuery$Converter.visit(OpAsQuery.java:565)
	at com.hp.hpl.jena.sparql.algebra.op.OpProject.visit(OpProject.java:48)
	at com.hp.hpl.jena.sparql.algebra.OpAsQuery$Converter.convert(OpAsQuery.java:91)
	at com.hp.hpl.jena.sparql.algebra.OpAsQuery.asQuery(OpAsQuery.java:51)
	at org.aksw.sparqlmap.beautifier.SparqlBeautifierTest.testq2(SparqlBeautifierTest.java:96)
	at sun.reflect.NativeMethodAccessorImpl.invoke0(Native Method)
	at sun.reflect.NativeMethodAccessorImpl.invoke(NativeMethodAccessorImpl.java:62)
	at sun.reflect.DelegatingMethodAccessorImpl.invoke(DelegatingMethodAccessorImpl.java:43)
	at java.lang.reflect.Method.invoke(Method.java:483)
	at org.junit.runners.model.FrameworkMethod$1.runReflectiveCall(FrameworkMethod.java:47)
	at org.junit.internal.runners.model.ReflectiveCallable.run(ReflectiveCallable.java:12)
	at org.junit.runners.model.FrameworkMethod.invokeExplosively(FrameworkMethod.java:44)
	at org.junit.internal.runners.statements.InvokeMethod.evaluate(InvokeMethod.java:17)
	at org.junit.runners.ParentRunner.runLeaf(ParentRunner.java:271)
	at org.junit.runners.BlockJUnit4ClassRunner.runChild(BlockJUnit4ClassRunner.java:70)
	at org.junit.runners.BlockJUnit4ClassRunner.runChild(BlockJUnit4ClassRunner.java:50)
	at org.junit.runners.ParentRunner$3.run(ParentRunner.java:238)
	at org.junit.runners.ParentRunner$1.schedule(ParentRunner.java:63)
	at org.junit.runners.ParentRunner.runChildren(ParentRunner.java:236)
	at org.junit.runners.ParentRunner.access$000(ParentRunner.java:53)
	at org.junit.runners.ParentRunner$2.evaluate(ParentRunner.java:229)
	at org.junit.runners.ParentRunner.run(ParentRunner.java:309)
	at org.gradle.api.internal.tasks.testing.junit.JUnitTestClassExecuter.runTestClass(JUnitTestClassExecuter.java:86)
	at org.gradle.api.internal.tasks.testing.junit.JUnitTestClassExecuter.execute(JUnitTestClassExecuter.java:49)
	at org.gradle.api.internal.tasks.testing.junit.JUnitTestClassProcessor.processTestClass(JUnitTestClassProcessor.java:69)
	at org.gradle.api.internal.tasks.testing.SuiteTestClassProcessor.processTestClass(SuiteTestClassProcessor.java:50)
	at sun.reflect.NativeMethodAccessorImpl.invoke0(Native Method)
	at sun.reflect.NativeMethodAccessorImpl.invoke(NativeMethodAccessorImpl.java:62)
	at sun.reflect.DelegatingMethodAccessorImpl.invoke(DelegatingMethodAccessorImpl.java:43)
	at java.lang.reflect.Method.invoke(Method.java:483)
	at org.gradle.messaging.dispatch.ReflectionDispatch.dispatch(ReflectionDispatch.java:35)
	at org.gradle.messaging.dispatch.ReflectionDispatch.dispatch(ReflectionDispatch.java:24)
	at org.gradle.messaging.dispatch.ContextClassLoaderDispatch.dispatch(ContextClassLoaderDispatch.java:32)
	at org.gradle.messaging.dispatch.ProxyDispatchAdapter$DispatchingInvocationHandler.invoke(ProxyDispatchAdapter.java:93)
	at com.sun.proxy.$Proxy2.processTestClass(Unknown Source)
	at org.gradle.api.internal.tasks.testing.worker.TestWorker.processTestClass(TestWorker.java:103)
	at sun.reflect.NativeMethodAccessorImpl.invoke0(Native Method)
	at sun.reflect.NativeMethodAccessorImpl.invoke(NativeMethodAccessorImpl.java:62)
	at sun.reflect.DelegatingMethodAccessorImpl.invoke(DelegatingMethodAccessorImpl.java:43)
	at java.lang.reflect.Method.invoke(Method.java:483)
	at org.gradle.messaging.dispatch.ReflectionDispatch.dispatch(ReflectionDispatch.java:35)
	at org.gradle.messaging.dispatch.ReflectionDispatch.dispatch(ReflectionDispatch.java:24)
	at org.gradle.messaging.remote.internal.hub.MessageHub$Handler.run(MessageHub.java:355)
	at org.gradle.internal.concurrent.DefaultExecutorFactory$StoppableExecutorImpl$1.run(DefaultExecutorFactory.java:64)
	at java.util.concurrent.ThreadPoolExecutor.runWorker(ThreadPoolExecutor.java:1142)
	at java.util.concurrent.ThreadPoolExecutor$Worker.run(ThreadPoolExecutor.java:617)
	at java.lang.Thread.run(Thread.java:745)
</failure>
  </testcase>
  <testcase name="testq4" classname="org.aksw.sparqlmap.beautifier.SparqlBeautifierTest" time="0.013">
    <failure message="org.apache.jena.atlas.lib.NotImplemented: OpQuadBlock" type="org.apache.jena.atlas.lib.NotImplemented">org.apache.jena.atlas.lib.NotImplemented: OpQuadBlock
	at com.hp.hpl.jena.sparql.algebra.OpAsQuery$Converter.visit(OpAsQuery.java:278)
	at com.hp.hpl.jena.sparql.algebra.op.OpQuadBlock.visit(OpQuadBlock.java:83)
	at com.hp.hpl.jena.sparql.algebra.OpAsQuery$Converter.asElementGroup(OpAsQuery.java:127)
	at com.hp.hpl.jena.sparql.algebra.OpAsQuery$Converter.asElement(OpAsQuery.java:118)
	at com.hp.hpl.jena.sparql.algebra.OpAsQuery$Converter.visit(OpAsQuery.java:381)
	at com.hp.hpl.jena.sparql.algebra.op.OpFilter.visit(OpFilter.java:101)
	at com.hp.hpl.jena.sparql.algebra.OpAsQuery$Converter.asElementGroup(OpAsQuery.java:127)
	at com.hp.hpl.jena.sparql.algebra.OpAsQuery$Converter.asElement(OpAsQuery.java:118)
	at com.hp.hpl.jena.sparql.algebra.OpAsQuery$Converter.visit(OpAsQuery.java:381)
	at com.hp.hpl.jena.sparql.algebra.op.OpFilter.visit(OpFilter.java:101)
	at com.hp.hpl.jena.sparql.algebra.OpAsQuery$Converter.asElementGroup(OpAsQuery.java:127)
	at com.hp.hpl.jena.sparql.algebra.OpAsQuery$Converter.visit(OpAsQuery.java:350)
	at com.hp.hpl.jena.sparql.algebra.op.OpUnion.visit(OpUnion.java:49)
	at com.hp.hpl.jena.sparql.algebra.OpAsQuery$Converter.visit(OpAsQuery.java:546)
	at com.hp.hpl.jena.sparql.algebra.op.OpOrder.visit(OpOrder.java:44)
	at com.hp.hpl.jena.sparql.algebra.OpAsQuery$Converter.visit(OpAsQuery.java:565)
	at com.hp.hpl.jena.sparql.algebra.op.OpProject.visit(OpProject.java:48)
	at com.hp.hpl.jena.sparql.algebra.OpAsQuery$Converter.visit(OpAsQuery.java:581)
	at com.hp.hpl.jena.sparql.algebra.op.OpDistinct.visit(OpDistinct.java:47)
	at com.hp.hpl.jena.sparql.algebra.OpAsQuery$Converter.visit(OpAsQuery.java:591)
	at com.hp.hpl.jena.sparql.algebra.op.OpSlice.visit(OpSlice.java:50)
	at com.hp.hpl.jena.sparql.algebra.OpAsQuery$Converter.convert(OpAsQuery.java:91)
	at com.hp.hpl.jena.sparql.algebra.OpAsQuery.asQuery(OpAsQuery.java:51)
	at org.aksw.sparqlmap.beautifier.SparqlBeautifierTest.testq4(SparqlBeautifierTest.java:110)
	at sun.reflect.NativeMethodAccessorImpl.invoke0(Native Method)
	at sun.reflect.NativeMethodAccessorImpl.invoke(NativeMethodAccessorImpl.java:62)
	at sun.reflect.DelegatingMethodAccessorImpl.invoke(DelegatingMethodAccessorImpl.java:43)
	at java.lang.reflect.Method.invoke(Method.java:483)
	at org.junit.runners.model.FrameworkMethod$1.runReflectiveCall(FrameworkMethod.java:47)
	at org.junit.internal.runners.model.ReflectiveCallable.run(ReflectiveCallable.java:12)
	at org.junit.runners.model.FrameworkMethod.invokeExplosively(FrameworkMethod.java:44)
	at org.junit.internal.runners.statements.InvokeMethod.evaluate(InvokeMethod.java:17)
	at org.junit.runners.ParentRunner.runLeaf(ParentRunner.java:271)
	at org.junit.runners.BlockJUnit4ClassRunner.runChild(BlockJUnit4ClassRunner.java:70)
	at org.junit.runners.BlockJUnit4ClassRunner.runChild(BlockJUnit4ClassRunner.java:50)
	at org.junit.runners.ParentRunner$3.run(ParentRunner.java:238)
	at org.junit.runners.ParentRunner$1.schedule(ParentRunner.java:63)
	at org.junit.runners.ParentRunner.runChildren(ParentRunner.java:236)
	at org.junit.runners.ParentRunner.access$000(ParentRunner.java:53)
	at org.junit.runners.ParentRunner$2.evaluate(ParentRunner.java:229)
	at org.junit.runners.ParentRunner.run(ParentRunner.java:309)
	at org.gradle.api.internal.tasks.testing.junit.JUnitTestClassExecuter.runTestClass(JUnitTestClassExecuter.java:86)
	at org.gradle.api.internal.tasks.testing.junit.JUnitTestClassExecuter.execute(JUnitTestClassExecuter.java:49)
	at org.gradle.api.internal.tasks.testing.junit.JUnitTestClassProcessor.processTestClass(JUnitTestClassProcessor.java:69)
	at org.gradle.api.internal.tasks.testing.SuiteTestClassProcessor.processTestClass(SuiteTestClassProcessor.java:50)
	at sun.reflect.NativeMethodAccessorImpl.invoke0(Native Method)
	at sun.reflect.NativeMethodAccessorImpl.invoke(NativeMethodAccessorImpl.java:62)
	at sun.reflect.DelegatingMethodAccessorImpl.invoke(DelegatingMethodAccessorImpl.java:43)
	at java.lang.reflect.Method.invoke(Method.java:483)
	at org.gradle.messaging.dispatch.ReflectionDispatch.dispatch(ReflectionDispatch.java:35)
	at org.gradle.messaging.dispatch.ReflectionDispatch.dispatch(ReflectionDispatch.java:24)
	at org.gradle.messaging.dispatch.ContextClassLoaderDispatch.dispatch(ContextClassLoaderDispatch.java:32)
	at org.gradle.messaging.dispatch.ProxyDispatchAdapter$DispatchingInvocationHandler.invoke(ProxyDispatchAdapter.java:93)
	at com.sun.proxy.$Proxy2.processTestClass(Unknown Source)
	at org.gradle.api.internal.tasks.testing.worker.TestWorker.processTestClass(TestWorker.java:103)
	at sun.reflect.NativeMethodAccessorImpl.invoke0(Native Method)
	at sun.reflect.NativeMethodAccessorImpl.invoke(NativeMethodAccessorImpl.java:62)
	at sun.reflect.DelegatingMethodAccessorImpl.invoke(DelegatingMethodAccessorImpl.java:43)
	at java.lang.reflect.Method.invoke(Method.java:483)
	at org.gradle.messaging.dispatch.ReflectionDispatch.dispatch(ReflectionDispatch.java:35)
	at org.gradle.messaging.dispatch.ReflectionDispatch.dispatch(ReflectionDispatch.java:24)
	at org.gradle.messaging.remote.internal.hub.MessageHub$Handler.run(MessageHub.java:355)
	at org.gradle.internal.concurrent.DefaultExecutorFactory$StoppableExecutorImpl$1.run(DefaultExecutorFactory.java:64)
	at java.util.concurrent.ThreadPoolExecutor.runWorker(ThreadPoolExecutor.java:1142)
	at java.util.concurrent.ThreadPoolExecutor$Worker.run(ThreadPoolExecutor.java:617)
	at java.lang.Thread.run(Thread.java:745)
</failure>
  </testcase>
  <testcase name="test1" classname="org.aksw.sparqlmap.beautifier.SparqlBeautifierTest" time="0.005">
    <failure message="org.apache.jena.atlas.lib.NotImplemented: OpQuadBlock" type="org.apache.jena.atlas.lib.NotImplemented">org.apache.jena.atlas.lib.NotImplemented: OpQuadBlock
	at com.hp.hpl.jena.sparql.algebra.OpAsQuery$Converter.visit(OpAsQuery.java:278)
	at com.hp.hpl.jena.sparql.algebra.op.OpQuadBlock.visit(OpQuadBlock.java:83)
	at com.hp.hpl.jena.sparql.algebra.OpAsQuery$Converter.asElementGroup(OpAsQuery.java:127)
	at com.hp.hpl.jena.sparql.algebra.OpAsQuery$Converter.asElement(OpAsQuery.java:118)
	at com.hp.hpl.jena.sparql.algebra.OpAsQuery$Converter.visit(OpAsQuery.java:381)
	at com.hp.hpl.jena.sparql.algebra.op.OpFilter.visit(OpFilter.java:101)
	at com.hp.hpl.jena.sparql.algebra.OpAsQuery$Converter.visit(OpAsQuery.java:565)
	at com.hp.hpl.jena.sparql.algebra.op.OpProject.visit(OpProject.java:48)
	at com.hp.hpl.jena.sparql.algebra.OpAsQuery$Converter.convert(OpAsQuery.java:91)
	at com.hp.hpl.jena.sparql.algebra.OpAsQuery.asQuery(OpAsQuery.java:51)
	at org.aksw.sparqlmap.beautifier.SparqlBeautifierTest.test1(SparqlBeautifierTest.java:81)
	at sun.reflect.NativeMethodAccessorImpl.invoke0(Native Method)
	at sun.reflect.NativeMethodAccessorImpl.invoke(NativeMethodAccessorImpl.java:62)
	at sun.reflect.DelegatingMethodAccessorImpl.invoke(DelegatingMethodAccessorImpl.java:43)
	at java.lang.reflect.Method.invoke(Method.java:483)
	at org.junit.runners.model.FrameworkMethod$1.runReflectiveCall(FrameworkMethod.java:47)
	at org.junit.internal.runners.model.ReflectiveCallable.run(ReflectiveCallable.java:12)
	at org.junit.runners.model.FrameworkMethod.invokeExplosively(FrameworkMethod.java:44)
	at org.junit.internal.runners.statements.InvokeMethod.evaluate(InvokeMethod.java:17)
	at org.junit.runners.ParentRunner.runLeaf(ParentRunner.java:271)
	at org.junit.runners.BlockJUnit4ClassRunner.runChild(BlockJUnit4ClassRunner.java:70)
	at org.junit.runners.BlockJUnit4ClassRunner.runChild(BlockJUnit4ClassRunner.java:50)
	at org.junit.runners.ParentRunner$3.run(ParentRunner.java:238)
	at org.junit.runners.ParentRunner$1.schedule(ParentRunner.java:63)
	at org.junit.runners.ParentRunner.runChildren(ParentRunner.java:236)
	at org.junit.runners.ParentRunner.access$000(ParentRunner.java:53)
	at org.junit.runners.ParentRunner$2.evaluate(ParentRunner.java:229)
	at org.junit.runners.ParentRunner.run(ParentRunner.java:309)
	at org.gradle.api.internal.tasks.testing.junit.JUnitTestClassExecuter.runTestClass(JUnitTestClassExecuter.java:86)
	at org.gradle.api.internal.tasks.testing.junit.JUnitTestClassExecuter.execute(JUnitTestClassExecuter.java:49)
	at org.gradle.api.internal.tasks.testing.junit.JUnitTestClassProcessor.processTestClass(JUnitTestClassProcessor.java:69)
	at org.gradle.api.internal.tasks.testing.SuiteTestClassProcessor.processTestClass(SuiteTestClassProcessor.java:50)
	at sun.reflect.NativeMethodAccessorImpl.invoke0(Native Method)
	at sun.reflect.NativeMethodAccessorImpl.invoke(NativeMethodAccessorImpl.java:62)
	at sun.reflect.DelegatingMethodAccessorImpl.invoke(DelegatingMethodAccessorImpl.java:43)
	at java.lang.reflect.Method.invoke(Method.java:483)
	at org.gradle.messaging.dispatch.ReflectionDispatch.dispatch(ReflectionDispatch.java:35)
	at org.gradle.messaging.dispatch.ReflectionDispatch.dispatch(ReflectionDispatch.java:24)
	at org.gradle.messaging.dispatch.ContextClassLoaderDispatch.dispatch(ContextClassLoaderDispatch.java:32)
	at org.gradle.messaging.dispatch.ProxyDispatchAdapter$DispatchingInvocationHandler.invoke(ProxyDispatchAdapter.java:93)
	at com.sun.proxy.$Proxy2.processTestClass(Unknown Source)
	at org.gradle.api.internal.tasks.testing.worker.TestWorker.processTestClass(TestWorker.java:103)
	at sun.reflect.NativeMethodAccessorImpl.invoke0(Native Method)
	at sun.reflect.NativeMethodAccessorImpl.invoke(NativeMethodAccessorImpl.java:62)
	at sun.reflect.DelegatingMethodAccessorImpl.invoke(DelegatingMethodAccessorImpl.java:43)
	at java.lang.reflect.Method.invoke(Method.java:483)
	at org.gradle.messaging.dispatch.ReflectionDispatch.dispatch(ReflectionDispatch.java:35)
	at org.gradle.messaging.dispatch.ReflectionDispatch.dispatch(ReflectionDispatch.java:24)
	at org.gradle.messaging.remote.internal.hub.MessageHub$Handler.run(MessageHub.java:355)
	at org.gradle.internal.concurrent.DefaultExecutorFactory$StoppableExecutorImpl$1.run(DefaultExecutorFactory.java:64)
	at java.util.concurrent.ThreadPoolExecutor.runWorker(ThreadPoolExecutor.java:1142)
	at java.util.concurrent.ThreadPoolExecutor$Worker.run(ThreadPoolExecutor.java:617)
	at java.lang.Thread.run(Thread.java:745)
</failure>
  </testcase>
  <system-out><![CDATA[old:-31410404(project (?label ?comment ?producer ?productFeature ?propertyTextual1 ?propertyTextual2 ?propertyTextual3 ?propertyNumeric1 ?propertyNumeric2 ?propertyTextual4 ?propertyTextual5 ?propertyNumeric4)
  (leftjoin
    (leftjoin
      (leftjoin
        (bgp
          (triple <http://www4.wiwiss.fu-berlin.de/bizer/bsbm/v01/instances/Product1> <http://www.w3.org/2000/01/rdf-schema#label> ?label)
          (triple <http://www4.wiwiss.fu-berlin.de/bizer/bsbm/v01/instances/Product1> <http://www.w3.org/2000/01/rdf-schema#comment> ?comment)
          (triple <http://www4.wiwiss.fu-berlin.de/bizer/bsbm/v01/instances/Product1> <http://www4.wiwiss.fu-berlin.de/bizer/bsbm/v01/vocabulary/producer> ?p)
          (triple ?p <http://www.w3.org/2000/01/rdf-schema#label> ?producer)
          (triple <http://www4.wiwiss.fu-berlin.de/bizer/bsbm/v01/instances/Product1> <http://purl.org/dc/elements/1.1/publisher> ?p)
          (triple <http://www4.wiwiss.fu-berlin.de/bizer/bsbm/v01/instances/Product1> <http://www4.wiwiss.fu-berlin.de/bizer/bsbm/v01/vocabulary/productFeature> ?f)
          (triple ?f <http://www.w3.org/2000/01/rdf-schema#label> ?productFeature)
          (triple <http://www4.wiwiss.fu-berlin.de/bizer/bsbm/v01/instances/Product1> <http://www4.wiwiss.fu-berlin.de/bizer/bsbm/v01/vocabulary/productPropertyTextual1> ?propertyTextual1)
          (triple <http://www4.wiwiss.fu-berlin.de/bizer/bsbm/v01/instances/Product1> <http://www4.wiwiss.fu-berlin.de/bizer/bsbm/v01/vocabulary/productPropertyTextual2> ?propertyTextual2)
          (triple <http://www4.wiwiss.fu-berlin.de/bizer/bsbm/v01/instances/Product1> <http://www4.wiwiss.fu-berlin.de/bizer/bsbm/v01/vocabulary/productPropertyTextual3> ?propertyTextual3)
          (triple <http://www4.wiwiss.fu-berlin.de/bizer/bsbm/v01/instances/Product1> <http://www4.wiwiss.fu-berlin.de/bizer/bsbm/v01/vocabulary/productPropertyNumeric1> ?propertyNumeric1)
          (triple <http://www4.wiwiss.fu-berlin.de/bizer/bsbm/v01/instances/Product1> <http://www4.wiwiss.fu-berlin.de/bizer/bsbm/v01/vocabulary/productPropertyNumeric2> ?propertyNumeric2)
        )
        (bgp (triple <http://www4.wiwiss.fu-berlin.de/bizer/bsbm/v01/instances/Product1> <http://www4.wiwiss.fu-berlin.de/bizer/bsbm/v01/vocabulary/productPropertyTextual4> ?propertyTextual4)))
      (bgp (triple <http://www4.wiwiss.fu-berlin.de/bizer/bsbm/v01/instances/Product1> <http://www4.wiwiss.fu-berlin.de/bizer/bsbm/v01/vocabulary/productPropertyTextual5> ?propertyTextual5)))
    (bgp (triple <http://www4.wiwiss.fu-berlin.de/bizer/bsbm/v01/instances/Product1> <http://www4.wiwiss.fu-berlin.de/bizer/bsbm/v01/vocabulary/productPropertyNumeric4> ?propertyNumeric4))))

new: 1783319709(project (?label ?comment ?producer ?productFeature ?propertyTextual1 ?propertyTextual2 ?propertyTextual3 ?propertyNumeric1 ?propertyNumeric2 ?propertyTextual4 ?propertyTextual5 ?propertyNumeric4)
  (leftjoin
    (leftjoin
      (leftjoin
        (filter (exprlist (= ?0B <urn:x-arq:DefaultGraphNode>) (= ?1B <http://www4.wiwiss.fu-berlin.de/bizer/bsbm/v01/instances/Product1>) (= ?2B <http://www.w3.org/2000/01/rdf-schema#label>) (= ?3B <http://www.w3.org/2000/01/rdf-schema#comment>) (= ?4B <http://www4.wiwiss.fu-berlin.de/bizer/bsbm/v01/vocabulary/producer>) (= ?5B <http://purl.org/dc/elements/1.1/publisher>) (= ?6B <http://www4.wiwiss.fu-berlin.de/bizer/bsbm/v01/vocabulary/productFeature>) (= ?7B <http://www4.wiwiss.fu-berlin.de/bizer/bsbm/v01/vocabulary/productPropertyTextual1>) (= ?8B <http://www4.wiwiss.fu-berlin.de/bizer/bsbm/v01/vocabulary/productPropertyTextual2>) (= ?9B <http://www4.wiwiss.fu-berlin.de/bizer/bsbm/v01/vocabulary/productPropertyTextual3>) (= ?10B <http://www4.wiwiss.fu-berlin.de/bizer/bsbm/v01/vocabulary/productPropertyNumeric1>) (= ?11B <http://www4.wiwiss.fu-berlin.de/bizer/bsbm/v01/vocabulary/productPropertyNumeric2>))
          (quadblock
            (quad ?0B ?1B ?2B ?label)
            (quad ?0B ?1B ?3B ?comment)
            (quad ?0B ?1B ?4B ?p)
            (quad ?0B ?p ?2B ?producer)
            (quad ?0B ?1B ?5B ?p)
            (quad ?0B ?1B ?6B ?f)
            (quad ?0B ?f ?2B ?productFeature)
            (quad ?0B ?1B ?7B ?propertyTextual1)
            (quad ?0B ?1B ?8B ?propertyTextual2)
            (quad ?0B ?1B ?9B ?propertyTextual3)
            (quad ?0B ?1B ?10B ?propertyNumeric1)
            (quad ?0B ?1B ?11B ?propertyNumeric2)
          ))
        (filter (exprlist (= ?0B <urn:x-arq:DefaultGraphNode>) (= ?1B <http://www4.wiwiss.fu-berlin.de/bizer/bsbm/v01/instances/Product1>) (= ?12B <http://www4.wiwiss.fu-berlin.de/bizer/bsbm/v01/vocabulary/productPropertyTextual4>))
          (quadblock (quad ?0B ?1B ?12B ?propertyTextual4))))
      (filter (exprlist (= ?0B <urn:x-arq:DefaultGraphNode>) (= ?1B <http://www4.wiwiss.fu-berlin.de/bizer/bsbm/v01/instances/Product1>) (= ?13B <http://www4.wiwiss.fu-berlin.de/bizer/bsbm/v01/vocabulary/productPropertyTextual5>))
        (quadblock (quad ?0B ?1B ?13B ?propertyTextual5))))
    (filter (exprlist (= ?0B <urn:x-arq:DefaultGraphNode>) (= ?1B <http://www4.wiwiss.fu-berlin.de/bizer/bsbm/v01/instances/Product1>) (= ?14B <http://www4.wiwiss.fu-berlin.de/bizer/bsbm/v01/vocabulary/productPropertyNumeric4>))
      (quadblock (quad ?0B ?1B ?14B ?propertyNumeric4)))))

old:-1879147196(slice 5 10
  (distinct
    (project (?product ?label ?propertyTextualWHERE)
      (order (?label)
        (union
          (filter (> ?p1 2)
            (bgp
              (triple ?product <http://www.w3.org/2000/01/rdf-schema#label> ?label)
              (triple ?product <http://www.w3.org/1999/02/22-rdf-syntax-ns#type> <http://www4.wiwiss.fu-berlin.de/bizer/bsbm/v01/instances/ProductType1>)
              (triple ?product <http://www4.wiwiss.fu-berlin.de/bizer/bsbm/v01/vocabulary/productFeature> <http://www4.wiwiss.fu-berlin.de/bizer/bsbm/v01/instances/ProductFeature39>)
              (triple ?product <http://www4.wiwiss.fu-berlin.de/bizer/bsbm/v01/vocabulary/productFeature> <http://www4.wiwiss.fu-berlin.de/bizer/bsbm/v01/instances/ProductFeature41>)
              (triple ?product <http://www4.wiwiss.fu-berlin.de/bizer/bsbm/v01/vocabulary/productPropertyTextual1> ?propertyTextual)
              (triple ?product <http://www4.wiwiss.fu-berlin.de/bizer/bsbm/v01/vocabulary/productPropertyNumeric1> ?p1)
            ))
          (filter (> ?p2 3)
            (bgp
              (triple ?product <http://www.w3.org/2000/01/rdf-schema#label> ?label)
              (triple ?product <http://www.w3.org/1999/02/22-rdf-syntax-ns#type> <http://www4.wiwiss.fu-berlin.de/bizer/bsbm/v01/instances/ProductType1>)
              (triple ?product <http://www4.wiwiss.fu-berlin.de/bizer/bsbm/v01/vocabulary/productFeature> <http://www4.wiwiss.fu-berlin.de/bizer/bsbm/v01/instances/ProductFeature39>)
              (triple ?product <http://www4.wiwiss.fu-berlin.de/bizer/bsbm/v01/vocabulary/productFeature> <http://www4.wiwiss.fu-berlin.de/bizer/bsbm/v01/instances/ProductFeature46>)
              (triple ?product <http://www4.wiwiss.fu-berlin.de/bizer/bsbm/v01/vocabulary/productPropertyTextual1> ?propertyTextual)
              (triple ?product <http://www4.wiwiss.fu-berlin.de/bizer/bsbm/v01/vocabulary/productPropertyNumeric2> ?p2)
            )))))))

new: -1879147196(slice 5 10
  (distinct
    (project (?product ?label ?propertyTextualWHERE)
      (order (?label)
        (union
          (filter (> ?p1 2)
            (filter (exprlist (= ?0B <urn:x-arq:DefaultGraphNode>) (= ?1B <http://www.w3.org/2000/01/rdf-schema#label>) (= ?2B <http://www.w3.org/1999/02/22-rdf-syntax-ns#type>) (= ?3B <http://www4.wiwiss.fu-berlin.de/bizer/bsbm/v01/instances/ProductType1>) (= ?4B <http://www4.wiwiss.fu-berlin.de/bizer/bsbm/v01/vocabulary/productFeature>) (= ?5B <http://www4.wiwiss.fu-berlin.de/bizer/bsbm/v01/instances/ProductFeature39>) (= ?6B <http://www4.wiwiss.fu-berlin.de/bizer/bsbm/v01/instances/ProductFeature41>) (= ?7B <http://www4.wiwiss.fu-berlin.de/bizer/bsbm/v01/vocabulary/productPropertyTextual1>) (= ?8B <http://www4.wiwiss.fu-berlin.de/bizer/bsbm/v01/vocabulary/productPropertyNumeric1>))
              (quadblock
                (quad ?0B ?product ?1B ?label)
                (quad ?0B ?product ?2B ?3B)
                (quad ?0B ?product ?4B ?5B)
                (quad ?0B ?product ?4B ?6B)
                (quad ?0B ?product ?7B ?propertyTextual)
                (quad ?0B ?product ?8B ?p1)
              )))
          (filter (> ?p2 3)
            (filter (exprlist (= ?0B <urn:x-arq:DefaultGraphNode>) (= ?1B <http://www.w3.org/2000/01/rdf-schema#label>) (= ?2B <http://www.w3.org/1999/02/22-rdf-syntax-ns#type>) (= ?3B <http://www4.wiwiss.fu-berlin.de/bizer/bsbm/v01/instances/ProductType1>) (= ?4B <http://www4.wiwiss.fu-berlin.de/bizer/bsbm/v01/vocabulary/productFeature>) (= ?5B <http://www4.wiwiss.fu-berlin.de/bizer/bsbm/v01/instances/ProductFeature39>) (= ?9B <http://www4.wiwiss.fu-berlin.de/bizer/bsbm/v01/instances/ProductFeature46>) (= ?7B <http://www4.wiwiss.fu-berlin.de/bizer/bsbm/v01/vocabulary/productPropertyTextual1>) (= ?10B <http://www4.wiwiss.fu-berlin.de/bizer/bsbm/v01/vocabulary/productPropertyNumeric2>))
              (quadblock
                (quad ?0B ?product ?1B ?label)
                (quad ?0B ?product ?2B ?3B)
                (quad ?0B ?product ?4B ?5B)
                (quad ?0B ?product ?4B ?9B)
                (quad ?0B ?product ?7B ?propertyTextual)
                (quad ?0B ?product ?10B ?p2)
              ))))))))

old:-560761544(bgp (triple <http://uri1> ?p "1"^^<http://www.w3.org/2001/XMLSchema#int>))

new: 428471199(project (?p)
  (filter (exprlist (= ?0B <urn:x-arq:DefaultGraphNode>) (= ?1B <http://uri1>) (= (datatype ?2B) "http://www.w3.org/2001/XMLSchema#int"))
    (quadblock (quad ?0B ?1B ?p ?2B))))

]]></system-out>
  <system-err><![CDATA[]]></system-err>
</testsuite>
